<?xml version="1.0" encoding="UTF-8"?>
<!-- Generated by org.testng.reporters.JUnitReportReporter -->
<testsuite hostname="DESKTOP-FN61C02" name="com.test.api.TestPost" tests="1" failures="0" timestamp="13 Mar 2019 06:38:25 GMT" time="1.428" errors="0">
  <testcase name="testPostRequest" time="1.428" classname="com.test.api.TestPost"/>
</testsuite> <!-- com.test.api.TestPost -->
