<?xml version="1.0" encoding="UTF-8"?>
<!-- Generated by org.testng.reporters.JUnitReportReporter -->
<testsuite hostname="DESKTOP-FN61C02" name="com.test.client.testGet" tests="1" failures="0" timestamp="12 Mar 2019 08:31:57 GMT" time="2.213" errors="0">
  <testcase name="f" time="2.213" classname="com.test.client.testGet"/>
</testsuite> <!-- com.test.client.testGet -->
